#
# There is insufficient memory for the Java Runtime Environment to continue.
# Native memory allocation (mmap) failed to map 65011712 bytes for G1 virtual space
# Possible reasons:
#   The system is out of physical RAM or swap space
#   The process is running with CompressedOops enabled, and the Java Heap may be blocking the growth of the native heap
# Possible solutions:
#   Reduce memory load on the system
#   Increase physical memory or swap space
#   Check if swap backing store is full
#   Decrease Java heap size (-Xmx/-Xms)
#   Decrease number of Java threads
#   Decrease Java thread stack sizes (-Xss)
#   Set larger code cache with -XX:ReservedCodeCacheSize=
#   JVM is running with Unscaled Compressed Oops mode in which the Java heap is
#     placed in the first 4GB address space. The Java Heap base address is the
#     maximum limit for the native heap growth. Please use -XX:HeapBaseMinAddress
#     to set the Java Heap base and to place the Java Heap above 4GB virtual address.
# This output file may be truncated or incomplete.
#
#  Out of Memory Error (os_windows.cpp:3469), pid=3416, tid=14612
#
# JRE version:  (17.0.1+12) (build )
# Java VM: OpenJDK 64-Bit Server VM (17.0.1+12, mixed mode, emulated-client, sharing, tiered, compressed oops, compressed class ptrs, g1 gc, windows-amd64)
# No core dump will be written. Minidumps are not enabled by default on client versions of Windows
#

---------------  S U M M A R Y ------------

Command Line: -Dcom.sun.management.jmxremote -Dcom.sun.management.jmxremote.port=51091 -Dcom.sun.management.jmxremote.authenticate=false -Dcom.sun.management.jmxremote.ssl=false -Djava.rmi.server.hostname=localhost -Dspring.jmx.enabled=true -Dspring.application.admin.enabled=true -XX:TieredStopAtLevel=1 -Dspring.boot.project.name=timesheetmanytone -Dfile.encoding=UTF-8 -XX:+ShowCodeDetailsInExceptionMessages com.Bitwise.TimeSheet.TimesheetmanytoneApplication

Host: Intel(R) Core(TM) i5-1035G1 CPU @ 1.00GHz, 8 cores, 3G,  Windows 10 , 64 bit Build 19041 (10.0.19041.1706)
Time: Thu Jun  9 17:56:40 2022 India Standard Time elapsed time: 0.057573 seconds (0d 0h 0m 0s)

---------------  T H R E A D  ---------------

Current thread (0x0000023f53c88c70):  JavaThread "Unknown thread" [_thread_in_vm, id=14612, stack(0x000000d1af900000,0x000000d1afa00000)]

Stack: [0x000000d1af900000,0x000000d1afa00000]
Native frames: (J=compiled Java code, j=interpreted, Vv=VM code, C=native code)
V  [jvm.dll+0x6744da]
V  [jvm.dll+0x82e144]
V  [jvm.dll+0x82f8ee]
V  [jvm.dll+0x82ff53]
V  [jvm.dll+0x245175]
V  [jvm.dll+0x6714c9]
V  [jvm.dll+0x665f92]
V  [jvm.dll+0x303c3b]
V  [jvm.dll+0x30b176]
V  [jvm.dll+0x35af1e]
V  [jvm.dll+0x35b14f]
V  [jvm.dll+0x2dab78]
V  [jvm.dll+0x2dbae4]
V  [jvm.dll+0x7ffdf1]
V  [jvm.dll+0x368c91]
V  [jvm.dll+0x7df2cc]
V  [jvm.dll+0x3eb59f]
V  [jvm.dll+0x3ed121]
C  [jli.dll+0x5277]
C  [ucrtbase.dll+0x21bb2]
C  [KERNEL32.DLL+0x17034]
C  [ntdll.dll+0x52651]


---------------  P R O C E S S  ---------------

Threads class SMR info:
_java_thread_list=0x00007ffedb2a4e58, length=0, elements={
}

Java Threads: ( => current thread )

Other Threads:
  0x0000023f53cb8280 GCTaskThread "GC Thread#0" [stack: 0x000000d1afa00000,0x000000d1afb00000] [id=13356]
  0x0000023f53cc0a10 ConcurrentGCThread "G1 Main Marker" [stack: 0x000000d1afb00000,0x000000d1afc00000] [id=9492]
  0x0000023f53cc1ad0 ConcurrentGCThread "G1 Conc#0" [stack: 0x000000d1afc00000,0x000000d1afd00000] [id=23652]

[error occurred during error reporting (printing all threads), id 0xc0000005, EXCEPTION_ACCESS_VIOLATION (0xc0000005) at pc=0x00007ffedaa7b5f7]

VM state: not at safepoint (not fully initialized)

VM Mutex/Monitor currently owned by a thread:  ([mutex/lock_event])
[0x0000023f53c84f30] Heap_lock - owner thread: 0x0000023f53c88c70

Heap address: 0x00000000c3600000, size: 970 MB, Compressed Oops mode: 32-bit

CDS archive(s) mapped at: [0x0000000000000000-0x0000000000000000-0x0000000000000000), size 0, SharedBaseAddress: 0x0000000800000000, ArchiveRelocationMode: 0.
Narrow klass base: 0x0000000000000000, Narrow klass shift: 0, Narrow klass range: 0x0

GC Precious Log:
<Empty>

Heap:
 garbage-first heap   total 0K, used 0K [0x00000000c3600000, 0x0000000100000000)
  region size 1024K, 0 young (0K), 0 survivors (0K)

[error occurred during error reporting (printing heap information), id 0xc0000005, EXCEPTION_ACCESS_VIOLATION (0xc0000005) at pc=0x00007ffedae5d729]

GC Heap History (0 events):
No events

Deoptimization events (0 events):
No events

Classes unloaded (0 events):
No events

Classes redefined (0 events):
No events

Internal exceptions (0 events):
No events

VM Operations (0 events):
No events

Events (1 events):
Event: 0.041 Loaded shared library C:\Users\gunjan\.p2\pool\plugins\org.eclipse.justj.openjdk.hotspot.jre.full.win32.x86_64_17.0.1.v20211116-1657\jre\bin\java.dll


Dynamic libraries:
0x00007ff72cac0000 - 0x00007ff72cace000 	C:\Users\gunjan\.p2\pool\plugins\org.eclipse.justj.openjdk.hotspot.jre.full.win32.x86_64_17.0.1.v20211116-1657\jre\bin\javaw.exe
0x00007fff25cd0000 - 0x00007fff25ec5000 	C:\WINDOWS\SYSTEM32\ntdll.dll
0x00007fff257c0000 - 0x00007fff2587d000 	C:\WINDOWS\System32\KERNEL32.DLL
0x00007fff233e0000 - 0x00007fff236ad000 	C:\WINDOWS\System32\KERNELBASE.dll
0x00007fff23aa0000 - 0x00007fff23ba0000 	C:\WINDOWS\System32\ucrtbase.dll
0x00007fff0a060000 - 0x00007fff0a078000 	C:\Users\gunjan\.p2\pool\plugins\org.eclipse.justj.openjdk.hotspot.jre.full.win32.x86_64_17.0.1.v20211116-1657\jre\bin\jli.dll
0x00007fff19830000 - 0x00007fff19849000 	C:\Users\gunjan\.p2\pool\plugins\org.eclipse.justj.openjdk.hotspot.jre.full.win32.x86_64_17.0.1.v20211116-1657\jre\bin\VCRUNTIME140.dll
0x00007fff245d0000 - 0x00007fff24770000 	C:\WINDOWS\System32\USER32.dll
0x00007fff23ba0000 - 0x00007fff23bc2000 	C:\WINDOWS\System32\win32u.dll
0x00007fff25460000 - 0x00007fff2548a000 	C:\WINDOWS\System32\GDI32.dll
0x00007fff017c0000 - 0x00007fff01a5a000 	C:\WINDOWS\WinSxS\amd64_microsoft.windows.common-controls_6595b64144ccf1df_6.0.19041.1110_none_60b5254171f9507e\COMCTL32.dll
0x00007fff23740000 - 0x00007fff2384b000 	C:\WINDOWS\System32\gdi32full.dll
0x00007fff24c60000 - 0x00007fff24cfe000 	C:\WINDOWS\System32\msvcrt.dll
0x00007fff23bd0000 - 0x00007fff23c6d000 	C:\WINDOWS\System32\msvcp_win.dll
0x00007fff244c0000 - 0x00007fff244f0000 	C:\WINDOWS\System32\IMM32.DLL
0x00007fff1b550000 - 0x00007fff1b55c000 	C:\Users\gunjan\.p2\pool\plugins\org.eclipse.justj.openjdk.hotspot.jre.full.win32.x86_64_17.0.1.v20211116-1657\jre\bin\vcruntime140_1.dll
0x00007ffee9bf0000 - 0x00007ffee9c81000 	C:\Users\gunjan\.p2\pool\plugins\org.eclipse.justj.openjdk.hotspot.jre.full.win32.x86_64_17.0.1.v20211116-1657\jre\bin\msvcp140.dll
0x00007ffeda790000 - 0x00007ffedb3d6000 	C:\Users\gunjan\.p2\pool\plugins\org.eclipse.justj.openjdk.hotspot.jre.full.win32.x86_64_17.0.1.v20211116-1657\jre\bin\server\jvm.dll
0x00007fff243b0000 - 0x00007fff2445e000 	C:\WINDOWS\System32\ADVAPI32.dll
0x00007fff25720000 - 0x00007fff257bc000 	C:\WINDOWS\System32\sechost.dll
0x00007fff24090000 - 0x00007fff241b5000 	C:\WINDOWS\System32\RPCRT4.dll
0x00007fff24080000 - 0x00007fff24088000 	C:\WINDOWS\System32\PSAPI.DLL
0x00007fff1b560000 - 0x00007fff1b569000 	C:\WINDOWS\SYSTEM32\WSOCK32.dll
0x00007fff188a0000 - 0x00007fff188aa000 	C:\WINDOWS\SYSTEM32\VERSION.dll
0x00007fff24770000 - 0x00007fff247db000 	C:\WINDOWS\System32\WS2_32.dll
0x00007fff04e20000 - 0x00007fff04e47000 	C:\WINDOWS\SYSTEM32\WINMM.dll
0x00007fff21c70000 - 0x00007fff21c82000 	C:\WINDOWS\SYSTEM32\kernel.appcore.dll
0x00007fff19960000 - 0x00007fff1996a000 	C:\Users\gunjan\.p2\pool\plugins\org.eclipse.justj.openjdk.hotspot.jre.full.win32.x86_64_17.0.1.v20211116-1657\jre\bin\jimage.dll
0x00007fff1d780000 - 0x00007fff1d964000 	C:\WINDOWS\SYSTEM32\DBGHELP.DLL
0x00007fff05540000 - 0x00007fff0556c000 	C:\WINDOWS\SYSTEM32\dbgcore.DLL
0x00007fff236b0000 - 0x00007fff23732000 	C:\WINDOWS\System32\bcryptPrimitives.dll
0x00007fff0a7a0000 - 0x00007fff0a7c5000 	C:\Users\gunjan\.p2\pool\plugins\org.eclipse.justj.openjdk.hotspot.jre.full.win32.x86_64_17.0.1.v20211116-1657\jre\bin\java.dll

dbghelp: loaded successfully - version: 4.0.5 - missing functions: none
symbol engine: initialized successfully - sym options: 0x614 - pdb path: .;C:\Users\gunjan\.p2\pool\plugins\org.eclipse.justj.openjdk.hotspot.jre.full.win32.x86_64_17.0.1.v20211116-1657\jre\bin;C:\WINDOWS\SYSTEM32;C:\WINDOWS\WinSxS\amd64_microsoft.windows.common-controls_6595b64144ccf1df_6.0.19041.1110_none_60b5254171f9507e;C:\Users\gunjan\.p2\pool\plugins\org.eclipse.justj.openjdk.hotspot.jre.full.win32.x86_64_17.0.1.v20211116-1657\jre\bin\server

VM Arguments:
jvm_args: -Dcom.sun.management.jmxremote -Dcom.sun.management.jmxremote.port=51091 -Dcom.sun.management.jmxremote.authenticate=false -Dcom.sun.management.jmxremote.ssl=false -Djava.rmi.server.hostname=localhost -Dspring.jmx.enabled=true -Dspring.application.admin.enabled=true -XX:TieredStopAtLevel=1 -Dspring.boot.project.name=timesheetmanytone -Dfile.encoding=UTF-8 -XX:+ShowCodeDetailsInExceptionMessages 
java_command: com.Bitwise.TimeSheet.TimesheetmanytoneApplication
java_class_path (initial): C:\Users\gunjan\Desktop\BitwiseTask\timesheetmanytone\target\classes;C:\Users\gunjan\.m2\repository\mysql\mysql-connector-java\5.1.6\mysql-connector-java-5.1.6.jar;C:\Users\gunjan\.m2\repository\org\springframework\boot\spring-boot-starter-actuator\2.7.0\spring-boot-starter-actuator-2.7.0.jar;C:\Users\gunjan\.m2\repository\org\springframework\boot\spring-boot-starter\2.7.0\spring-boot-starter-2.7.0.jar;C:\Users\gunjan\.m2\repository\org\springframework\boot\spring-boot-starter-logging\2.7.0\spring-boot-starter-logging-2.7.0.jar;C:\Users\gunjan\.m2\repository\ch\qos\logback\logback-classic\1.2.11\logback-classic-1.2.11.jar;C:\Users\gunjan\.m2\repository\ch\qos\logback\logback-core\1.2.11\logback-core-1.2.11.jar;C:\Users\gunjan\.m2\repository\org\apache\logging\log4j\log4j-to-slf4j\2.17.2\log4j-to-slf4j-2.17.2.jar;C:\Users\gunjan\.m2\repository\org\apache\logging\log4j\log4j-api\2.17.2\log4j-api-2.17.2.jar;C:\Users\gunjan\.m2\repository\org\slf4j\jul-to-slf4j\1.7.36\jul-to-slf4j-1.7.36.jar;C:\Users\gunjan\.m2\repository\org\yaml\snakeyaml\1.30\snakeyaml-1.30.jar;C:\Users\gunjan\.m2\repository\org\springframework\boot\spring-boot-actuator-autoconfigure\2.7.0\spring-boot-actuator-autoconfigure-2.7.0.jar;C:\Users\gunjan\.m2\repository\org\springframework\boot\spring-boot-actuator\2.7.0\spring-boot-actuator-2.7.0.jar;C:\Users\gunjan\.m2\repository\com\fasterxml\jackson\core\jackson-databind\2.13.3\jackson-databind-2.13.3.jar;C:\Users\gunjan\.m2\repository\com\fasterxml\jackson\core\jackson-annotations\2.13.3\jackson-annotations-2.13.3.jar;C:\Users\gunjan\.m2\repository\com\fasterxml\jackson\core\jackson-core\2.13.3\jackson-core-2.13.3.jar;C:\Users\gunjan\.m2\repository\com\fasterxml\jackson\datatype\jackson-datatype-jsr310\2.13.3\jackson-datatype-jsr310-2.13.3.jar;C:\Users\gunjan\.m2\repository\io\micrometer\micrometer-core\1.9.0\micrometer-core-1.9.0.jar;C:\Users\gunjan\.m2\repository\org\hdrhistogram\HdrHistogram\2.1.12\HdrHistogram-2.1.12.j
Launcher Type: SUN_STANDARD

[Global flags]
     intx CICompilerCount                          = 4                                         {product} {ergonomic}
     uint ConcGCThreads                            = 2                                         {product} {ergonomic}
     uint G1ConcRefinementThreads                  = 8                                         {product} {ergonomic}
   size_t G1HeapRegionSize                         = 1048576                                   {product} {ergonomic}
    uintx GCDrainStackTargetSize                   = 64                                        {product} {ergonomic}
   size_t InitialHeapSize                          = 65011712                                  {product} {ergonomic}
     bool ManagementServer                         = true                                      {product} {command line}
   size_t MarkStackSize                            = 4194304                                   {product} {ergonomic}
   size_t MaxHeapSize                              = 1017118720                                {product} {ergonomic}
   size_t MinHeapDeltaBytes                        = 1048576                                   {product} {ergonomic}
   size_t MinHeapSize                              = 8388608                                   {product} {ergonomic}
    uintx NonProfiledCodeHeapSize                  = 0                                      {pd product} {ergonomic}
     bool ProfileInterpreter                       = false                                  {pd product} {command line}
    uintx ProfiledCodeHeapSize                     = 0                                      {pd product} {ergonomic}
     bool ShowCodeDetailsInExceptionMessages       = true                                   {manageable} {command line}
   size_t SoftMaxHeapSize                          = 1017118720                             {manageable} {ergonomic}
     intx TieredStopAtLevel                        = 1                                         {product} {command line}
     bool UseCompressedClassPointers               = true                           {product lp64_product} {ergonomic}
     bool UseCompressedOops                        = true                           {product lp64_product} {ergonomic}
     bool UseG1GC                                  = true                                      {product} {ergonomic}
     bool UseLargePagesIndividualAllocation        = false                                  {pd product} {ergonomic}

Logging:
Log output configuration:
 #0: stdout all=warning uptime,level,tags
 #1: stderr all=off uptime,level,tags

Environment Variables:
JAVA_HOME=C:\Program Files\Java\jdk-14.0.2
PATH=C:/Users/gunjan/.p2/pool/plugins/org.eclipse.justj.openjdk.hotspot.jre.full.win32.x86_64_17.0.1.v20211116-1657/jre/bin/server;C:/Users/gunjan/.p2/pool/plugins/org.eclipse.justj.openjdk.hotspot.jre.full.win32.x86_64_17.0.1.v20211116-1657/jre/bin;C:\Program Files\Java\jdk1.8.0_77\bin;C:\Program Files\nodejs\;C:\Program Files\Git\cmd;C:\Users\gunjan\AppData\Local\Microsoft\WindowsApps;C:\Users\gunjan\AppData\Roaming\npm;C:\Users\gunjan\AppData\Local\Programs\Microsoft VS Code\bin;C:\Users\gunjan\AppData\Local\JetBrains\IntelliJ IDEA 2022.1.1\bin;;C:\WINDOWS\system32;
USERNAME=gunjan
OS=Windows_NT
PROCESSOR_IDENTIFIER=Intel64 Family 6 Model 126 Stepping 5, GenuineIntel



---------------  S Y S T E M  ---------------

OS:
 Windows 10 , 64 bit Build 19041 (10.0.19041.1706)
OS uptime: 1 days 1:53 hours

CPU: total 8 (initial active 8) (4 cores per cpu, 2 threads per core) family 6 model 126 stepping 5 microcode 0xa6, cx8, cmov, fxsr, ht, mmx, 3dnowpref, sse, sse2, sse3, ssse3, sse4.1, sse4.2, popcnt, lzcnt, tsc, tscinvbit, avx, avx2, aes, erms, clmul, bmi1, bmi2, adx, avx512f, avx512dq, avx512cd, avx512bw, avx512vl, sha, fma, vzeroupper, avx512_vpopcntdq, avx512_vpclmulqdq, avx512_vaes, avx512_vnni, clflush, clflushopt, avx512_vbmi2, avx512_vbmi

Memory: 4k page, system-wide physical 3877M (208M free)
TotalPageFile size 15653M (AvailPageFile size 56M)
current process WorkingSet (physical memory assigned to process): 9M, peak: 9M
current process commit charge ("private bytes"): 54M, peak: 116M

vm_info: OpenJDK 64-Bit Server VM (17.0.1+12) for windows-amd64 JRE (17.0.1+12), built on Oct 20 2021 07:42:55 by "" with MS VC++ 16.7 (VS2019)

END.
